<?xml version="1.0" encoding="UTF-8"?>
<testsuites name="jest tests" tests="5" failures="0" errors="0" time="4.404">
  <testsuite name="undefined" errors="0" failures="0" skipped="0" timestamp="2022-09-14T16:24:41" time="4.295" tests="5">
    <testcase classname=" if signup route exist or not" name=" if signup route exist or not" time="0.05">
    </testcase>
    <testcase classname=" should return 400 if email field is empty" name=" should return 400 if email field is empty" time="0.041">
    </testcase>
    <testcase classname=" should return 400 if valid email is not provided" name=" should return 400 if valid email is not provided" time="0.009">
    </testcase>
    <testcase classname=" should return 400 if name field is empty" name=" should return 400 if name field is empty" time="0.017">
    </testcase>
    <testcase classname=" should return 400 if password field is empty" name=" should return 400 if password field is empty" time="0.01">
    </testcase>
  </testsuite>
</testsuites>